<?xml version="1.0" encoding="UTF-8"?>
<!-- Generated by org.testng.reporters.JUnitReportReporter -->
<testsuite skipped="0" hostname="DESKTOP-LI3EA6Q" name="test.Test_MiPortal2" tests="1" failures="0" timestamp="11 jun 2021 21:35:13 GMT" time="69.135" errors="0">
  <testcase name="Script_1026" time="69.135" classname="test.Test_MiPortal2"/>
</testsuite> <!-- test.Test_MiPortal2 -->
