<?xml version="1.0" encoding="UTF-8"?>
<!-- Generated by org.testng.reporters.JUnitReportReporter -->
<testsuite hostname="LauraAndrade" failures="0" tests="1" name="test.Test_TiposDocumentos" time="142.674" errors="0" timestamp="15 jun. 2021 19:36:21 GMT" skipped="0">
  <testcase classname="test.Test_TiposDocumentos" name="Script_0319" time="142.674"/>
</testsuite> <!-- test.Test_TiposDocumentos -->
