<?xml version="1.0" encoding="UTF-8"?>
<!-- Generated by org.testng.reporters.JUnitReportReporter -->
<testsuite skipped="0" hostname="DESKTOP-LI3EA6Q" name="test.Test_MisDocumentos" tests="1" failures="0" timestamp="01 jun 2021 16:43:09 GMT" time="80.977" errors="0">
  <testcase name="Script_1139" time="80.977" classname="test.Test_MisDocumentos"/>
</testsuite> <!-- test.Test_MisDocumentos -->
