<?xml version="1.0" encoding="UTF-8"?>
<!-- Generated by org.testng.reporters.JUnitReportReporter -->
<testsuite hostname="LauraAndrade" failures="0" tests="1" name="test.Test_TiposDocumentos" time="98.299" errors="0" timestamp="05 jul. 2021 20:53:09 GMT" skipped="0">
  <testcase classname="test.Test_TiposDocumentos" name="Script_0319" time="98.299"/>
</testsuite> <!-- test.Test_TiposDocumentos -->
