<?xml version="1.0" encoding="UTF-8"?>
<!-- Generated by org.testng.reporters.JUnitReportReporter -->
<testsuite hostname="LauraAndrade" failures="0" tests="1" name="test.Test_TiposDocumentos" time="85.248" errors="0" timestamp="05 ago. 2021 19:08:46 GMT" skipped="0">
  <testcase classname="test.Test_TiposDocumentos" name="Script_0317" time="85.248"/>
</testsuite> <!-- test.Test_TiposDocumentos -->
