<?xml version="1.0" encoding="UTF-8"?>
<!-- Generated by org.testng.reporters.JUnitReportReporter -->
<testsuite skipped="0" hostname="DESKTOP-LI3EA6Q" name="test.Test_MiPortal2" tests="1" failures="0" timestamp="31 may 2021 23:31:55 GMT" time="69.988" errors="0">
  <testcase name="Script_0872" time="69.988" classname="test.Test_MiPortal2"/>
</testsuite> <!-- test.Test_MiPortal2 -->
