<?xml version="1.0" encoding="UTF-8"?>
<!-- Generated by org.testng.reporters.JUnitReportReporter -->
<testsuite hostname="LauraAndrade" failures="0" tests="1" name="test.Test_MisDocumentos" time="106.714" errors="0" timestamp="06 may. 2021 20:59:07 GMT" skipped="0">
  <testcase classname="test.Test_MisDocumentos" name="Script_1090" time="106.714"/>
</testsuite> <!-- test.Test_MisDocumentos -->
