<?xml version="1.0" encoding="UTF-8"?>
<!-- Generated by org.testng.reporters.JUnitReportReporter -->
<testsuite hostname="VERITY-98" failures="0" tests="1" name="test.Tests_MiPortal" time="80.905" errors="0" timestamp="13 may. 2021 18:49:26 GMT" skipped="0">
  <testcase classname="test.Tests_MiPortal" name="Script_0864" time="80.905"/>
</testsuite> <!-- test.Tests_MiPortal -->
