<?xml version="1.0" encoding="UTF-8"?>
<!-- Generated by org.testng.reporters.JUnitReportReporter -->
<testsuite hostname="VERITY-98" failures="0" tests="1" name="test.Tests_AdmInstituciones" time="106.801" errors="0" timestamp="08 abr. 2021 16:53:58 GMT" skipped="0">
  <testcase classname="test.Tests_AdmInstituciones" name="Script_0089" time="106.801"/>
</testsuite> <!-- test.Tests_AdmInstituciones -->
