<?xml version="1.0" encoding="UTF-8"?>
<!-- Generated by org.testng.reporters.JUnitReportReporter -->
<testsuite hostname="VERITY-98" failures="0" tests="1" name="test.Tests_MiPortal" time="58.032" errors="0" timestamp="03 may. 2021 18:53:50 GMT" skipped="0">
  <testcase classname="test.Tests_MiPortal" name="Script_0710" time="58.032"/>
</testsuite> <!-- test.Tests_MiPortal -->
