<?xml version="1.0" encoding="UTF-8"?>
<!-- Generated by org.testng.reporters.JUnitReportReporter -->
<testsuite hostname="LauraAndrade" failures="0" tests="1" name="test.Test_MisDocumentos" time="62.364" errors="0" timestamp="14 jun. 2021 19:25:19 GMT" skipped="0">
  <testcase classname="test.Test_MisDocumentos" name="Script_1087" time="62.364"/>
</testsuite> <!-- test.Test_MisDocumentos -->
