<?xml version="1.0" encoding="UTF-8"?>
<!-- Generated by org.testng.reporters.JUnitReportReporter -->
<testsuite hostname="VERITY-98" failures="0" tests="1" name="test.Tests_MiPortal" time="69.405" errors="0" timestamp="06 may. 2021 14:08:16 GMT" skipped="0">
  <testcase classname="test.Tests_MiPortal" name="Script_0729" time="69.405"/>
</testsuite> <!-- test.Tests_MiPortal -->
