<?xml version="1.0" encoding="UTF-8"?>
<!-- Generated by org.testng.reporters.JUnitReportReporter -->
<testsuite hostname="VERITY-98" failures="0" tests="1" name="test.Tests_MiPortal" time="83.043" errors="0" timestamp="10 may. 2021 22:01:12 GMT" skipped="0">
  <testcase classname="test.Tests_MiPortal" name="Script_0787" time="83.043"/>
</testsuite> <!-- test.Tests_MiPortal -->
