<?xml version="1.0" encoding="UTF-8"?>
<!-- Generated by org.testng.reporters.JUnitReportReporter -->
<testsuite skipped="0" hostname="DESKTOP-LI3EA6Q" name="test.Test_Reporteria" tests="1" failures="0" timestamp="02 ago 2021 21:53:09 GMT" time="76.573" errors="0">
  <testcase name="Script_01285" time="76.573" classname="test.Test_Reporteria"/>
</testsuite> <!-- test.Test_Reporteria -->
