<?xml version="1.0" encoding="UTF-8"?>
<!-- Generated by org.testng.reporters.JUnitReportReporter -->
<testsuite hostname="VERITY-98" failures="0" tests="1" name="test.Tests_MiPortal" time="70.532" errors="0" timestamp="12 may. 2021 20:04:49 GMT" skipped="0">
  <testcase classname="test.Tests_MiPortal" name="Script_0841" time="70.532"/>
</testsuite> <!-- test.Tests_MiPortal -->
