<?xml version="1.0" encoding="UTF-8"?>
<!-- Generated by org.testng.reporters.JUnitReportReporter -->
<testsuite hostname="VERITY-98" failures="0" tests="1" name="test.Tests_AdmInstituciones" time="115.564" errors="0" timestamp="12 abr. 2021 18:24:50 GMT" skipped="0">
  <testcase classname="test.Tests_AdmInstituciones" name="Script_0130" time="115.564"/>
</testsuite> <!-- test.Tests_AdmInstituciones -->
