<?xml version="1.0" encoding="UTF-8"?>
<!-- Generated by org.testng.reporters.JUnitReportReporter -->
<testsuite skipped="0" hostname="DESKTOP-LI3EA6Q" name="test.Test_MiPortal2" tests="1" failures="0" timestamp="04 jun 2021 00:26:24 GMT" time="69.833" errors="0">
  <testcase name="Script_0922" time="69.833" classname="test.Test_MiPortal2"/>
</testsuite> <!-- test.Test_MiPortal2 -->
