<?xml version="1.0" encoding="UTF-8"?>
<!-- Generated by org.testng.reporters.JUnitReportReporter -->
<testsuite hostname="LauraAndrade" failures="0" tests="1" name="test.Test_DescargaPlantilla" time="74.887" errors="0" timestamp="30 jun. 2021 13:40:16 GMT" skipped="0">
  <testcase classname="test.Test_DescargaPlantilla" name="Script_1181" time="74.887"/>
</testsuite> <!-- test.Test_DescargaPlantilla -->
