<?xml version="1.0" encoding="UTF-8"?>
<!-- Generated by org.testng.reporters.JUnitReportReporter -->
<testsuite hostname="VERITY-98" failures="0" tests="1" name="test.Tests_AdmInstituciones" time="68.458" errors="0" timestamp="13 abr. 2021 16:05:55 GMT" skipped="0">
  <testcase classname="test.Tests_AdmInstituciones" name="Script_0157" time="68.458"/>
</testsuite> <!-- test.Tests_AdmInstituciones -->
