<?xml version="1.0" encoding="UTF-8"?>
<!-- Generated by org.testng.reporters.JUnitReportReporter -->
<testsuite hostname="LauraAndrade" failures="0" tests="1" name="test.Test_CrearDocumento" time="93.521" errors="0" timestamp="30 jun. 2021 19:00:34 GMT" skipped="0">
  <testcase classname="test.Test_CrearDocumento" name="Script_1219" time="93.521"/>
</testsuite> <!-- test.Test_CrearDocumento -->
