<?xml version="1.0" encoding="UTF-8"?>
<!-- Generated by org.testng.reporters.JUnitReportReporter -->
<testsuite hostname="VERITY-98" failures="0" tests="1" name="test.Tests_MiPortal" time="76.884" errors="0" timestamp="11 may. 2021 20:32:32 GMT" skipped="0">
  <testcase classname="test.Tests_MiPortal" name="Script_0823" time="76.884"/>
</testsuite> <!-- test.Tests_MiPortal -->
