<?xml version="1.0" encoding="UTF-8"?>
<!-- Generated by org.testng.reporters.JUnitReportReporter -->
<testsuite hostname="VERITY-98" failures="0" tests="1" name="test.Tests_Usuarios" time="63.865" errors="0" timestamp="16 abr. 2021 14:49:16 GMT" skipped="0">
  <testcase classname="test.Tests_Usuarios" name="Script_0220" time="63.865"/>
</testsuite> <!-- test.Tests_Usuarios -->
