<?xml version="1.0" encoding="UTF-8"?>
<!-- Generated by org.testng.reporters.JUnitReportReporter -->
<testsuite hostname="LauraAndrade" failures="0" tests="1" name="test.Prueba" time="52.684" errors="0" timestamp="01 may. 2021 16:31:45 GMT" skipped="0">
  <testcase classname="test.Prueba" name="Script_1181" time="52.684"/>
</testsuite> <!-- test.Prueba -->
