<?xml version="1.0" encoding="UTF-8"?>
<!-- Generated by org.testng.reporters.JUnitReportReporter -->
<testsuite skipped="0" hostname="DESKTOP-LI3EA6Q" name="test.Tests_Usuarios2" tests="1" failures="0" timestamp="05 ago 2021 19:46:16 GMT" time="51.636" errors="0">
  <testcase name="Script_0177" time="51.636" classname="test.Tests_Usuarios2"/>
</testsuite> <!-- test.Tests_Usuarios2 -->
