<?xml version="1.0" encoding="UTF-8"?>
<!-- Generated by org.testng.reporters.JUnitReportReporter -->
<testsuite hostname="LauraAndrade" failures="0" tests="1" name="test.Test_MisDocumentos" time="66.947" errors="0" timestamp="30 jun. 2021 19:15:13 GMT" skipped="0">
  <testcase classname="test.Test_MisDocumentos" name="Script_1063" time="66.947"/>
</testsuite> <!-- test.Test_MisDocumentos -->
