<?xml version="1.0" encoding="UTF-8"?>
<!-- Generated by org.testng.reporters.JUnitReportReporter -->
<testsuite hostname="VERITY-98" failures="0" tests="1" name="test.Tests_AdmInstituciones" time="76.701" errors="0" timestamp="13 abr. 2021 15:44:41 GMT" skipped="0">
  <testcase classname="test.Tests_AdmInstituciones" name="Script_0155" time="76.701"/>
</testsuite> <!-- test.Tests_AdmInstituciones -->
