<?xml version="1.0" encoding="UTF-8"?>
<!-- Generated by org.testng.reporters.JUnitReportReporter -->
<testsuite hostname="LauraAndrade" failures="0" tests="1" name="test.Test_MisDocumentos" time="70.225" errors="0" timestamp="11 may. 2021 21:32:32 GMT" skipped="0">
  <testcase classname="test.Test_MisDocumentos" name="Script_1120" time="70.225"/>
</testsuite> <!-- test.Test_MisDocumentos -->
