<?xml version="1.0" encoding="UTF-8"?>
<!-- Generated by org.testng.reporters.JUnitReportReporter -->
<testsuite hostname="LauraAndrade" failures="0" tests="1" name="test.Test_CrearDocumento" time="124.426" errors="0" timestamp="05 may. 2021 21:37:49 GMT" skipped="0">
  <testcase classname="test.Test_CrearDocumento" name="Script_1178" time="124.426"/>
</testsuite> <!-- test.Test_CrearDocumento -->
