<?xml version="1.0" encoding="UTF-8"?>
<!-- Generated by org.testng.reporters.JUnitReportReporter -->
<testsuite hostname="VERITY-98" failures="0" tests="1" name="test.Tests_AdmInstituciones" time="61.678" errors="0" timestamp="14 abr. 2021 18:53:52 GMT" skipped="0">
  <testcase classname="test.Tests_AdmInstituciones" name="Script_0166" time="61.678"/>
</testsuite> <!-- test.Tests_AdmInstituciones -->
