<?xml version="1.0" encoding="UTF-8"?>
<!-- Generated by org.testng.reporters.JUnitReportReporter -->
<testsuite hostname="VERITY-98" failures="0" tests="1" name="test.Tests_AdmInstituciones" time="101.235" errors="0" timestamp="14 abr. 2021 22:28:16 GMT" skipped="0">
  <testcase classname="test.Tests_AdmInstituciones" name="Script_0185" time="101.235"/>
</testsuite> <!-- test.Tests_AdmInstituciones -->
