<?xml version="1.0" encoding="UTF-8"?>
<!-- Generated by org.testng.reporters.JUnitReportReporter -->
<testsuite skipped="0" hostname="DESKTOP-LI3EA6Q" name="test.Test_TiposDocumentos2" tests="1" failures="0" timestamp="19 ago 2021 22:41:55 GMT" time="105.953" errors="0">
  <testcase name="Script_0543" time="105.953" classname="test.Test_TiposDocumentos2"/>
</testsuite> <!-- test.Test_TiposDocumentos2 -->
