<?xml version="1.0" encoding="UTF-8"?>
<!-- Generated by org.testng.reporters.JUnitReportReporter -->
<testsuite skipped="0" hostname="DESKTOP-LI3EA6Q" name="test.Tests_EditarCuenta" tests="1" failures="0" timestamp="09 ago 2021 19:16:11 GMT" time="53.522" errors="0">
  <testcase name="Script_0076" time="53.522" classname="test.Tests_EditarCuenta"/>
</testsuite> <!-- test.Tests_EditarCuenta -->
