<?xml version="1.0" encoding="UTF-8"?>
<!-- Generated by org.testng.reporters.JUnitReportReporter -->
<testsuite hostname="VERITY-98" failures="0" tests="1" name="test.Tests_AdmInstituciones" time="65.879" errors="0" timestamp="13 abr. 2021 20:15:22 GMT" skipped="0">
  <testcase classname="test.Tests_AdmInstituciones" name="Script_0159" time="65.879"/>
</testsuite> <!-- test.Tests_AdmInstituciones -->
