<?xml version="1.0" encoding="UTF-8"?>
<!-- Generated by org.testng.reporters.JUnitReportReporter -->
<testsuite hostname="LauraAndrade" failures="0" tests="1" name="test.Test_MisDocumentos" time="99.375" errors="0" timestamp="12 may. 2021 21:15:05 GMT" skipped="0">
  <testcase classname="test.Test_MisDocumentos" name="Script_1131" time="99.375"/>
</testsuite> <!-- test.Test_MisDocumentos -->
