<?xml version="1.0" encoding="UTF-8"?>
<!-- Generated by org.testng.reporters.JUnitReportReporter -->
<testsuite hostname="VERITY-98" failures="0" tests="1" name="test.Tests_MiPortal" time="75.469" errors="0" timestamp="04 may. 2021 18:38:29 GMT" skipped="0">
  <testcase classname="test.Tests_MiPortal" name="Script_0727" time="75.469"/>
</testsuite> <!-- test.Tests_MiPortal -->
