<?xml version="1.0" encoding="UTF-8"?>
<!-- Generated by org.testng.reporters.JUnitReportReporter -->
<testsuite hostname="LauraAndrade" failures="0" tests="1" name="test.Test_MisDocumentos" time="117.653" errors="0" timestamp="01 jun. 2021 21:04:21 GMT" skipped="0">
  <testcase classname="test.Test_MisDocumentos" name="Script_1150" time="117.653"/>
</testsuite> <!-- test.Test_MisDocumentos -->
