<?xml version="1.0" encoding="UTF-8"?>
<!-- Generated by org.testng.reporters.JUnitReportReporter -->
<testsuite hostname="LauraAndrade" failures="0" tests="1" name="test.Test_MisDocumentos" time="56.564" errors="0" timestamp="03 may. 2021 19:58:35 GMT" skipped="0">
  <testcase classname="test.Test_MisDocumentos" name="Script_1062" time="56.564"/>
</testsuite> <!-- test.Test_MisDocumentos -->
