<?xml version="1.0" encoding="UTF-8"?>
<!-- Generated by org.testng.reporters.JUnitReportReporter -->
<testsuite hostname="VERITY-98" failures="0" tests="1" name="test.Tests_RegistroCertificadoHsm" time="60.169" errors="0" timestamp="31 mar. 2021 20:30:34 GMT" skipped="0">
  <testcase classname="test.Tests_RegistroCertificadoHsm" name="Script_0044" time="60.169"/>
</testsuite> <!-- test.Tests_RegistroCertificadoHsm -->
