<?xml version="1.0" encoding="UTF-8"?>
<!-- Generated by org.testng.reporters.JUnitReportReporter -->
<testsuite hostname="VERITY-98" failures="0" tests="1" name="test.Tests_AdmInstituciones" time="46.512" errors="0" timestamp="14 abr. 2021 18:06:28 GMT" skipped="0">
  <testcase classname="test.Tests_AdmInstituciones" name="Script_0163" time="46.512"/>
</testsuite> <!-- test.Tests_AdmInstituciones -->
