<?xml version="1.0" encoding="UTF-8"?>
<!-- Generated by org.testng.reporters.JUnitReportReporter -->
<testsuite hostname="LauraAndrade" failures="0" tests="1" name="test.Test_MisDocumentos" time="76.639" errors="0" timestamp="05 may. 2021 19:26:46 GMT" skipped="0">
  <testcase classname="test.Test_MisDocumentos" name="Script_1081" time="76.639"/>
</testsuite> <!-- test.Test_MisDocumentos -->
