<?xml version="1.0" encoding="UTF-8"?>
<!-- Generated by org.testng.reporters.JUnitReportReporter -->
<testsuite hostname="LauraAndrade" failures="0" tests="1" name="test.Test_MisDocumentos" time="73.502" errors="0" timestamp="13 jul. 2021 14:16:34 GMT" skipped="0">
  <testcase classname="test.Test_MisDocumentos" name="Script_1077" time="73.502"/>
</testsuite> <!-- test.Test_MisDocumentos -->
