<?xml version="1.0" encoding="UTF-8"?>
<!-- Generated by org.testng.reporters.JUnitReportReporter -->
<testsuite skipped="0" hostname="DESKTOP-LI3EA6Q" name="test.Tests_EditarCuenta" tests="1" failures="0" timestamp="05 ago 2021 22:54:06 GMT" time="42.802" errors="0">
  <testcase name="Script_0081" time="42.802" classname="test.Tests_EditarCuenta"/>
</testsuite> <!-- test.Tests_EditarCuenta -->
