<?xml version="1.0" encoding="UTF-8"?>
<!-- Generated by org.testng.reporters.JUnitReportReporter -->
<testsuite hostname="LauraAndrade" failures="0" tests="1" name="test.Test_MisDocumentos" time="48.026" errors="0" timestamp="04 may. 2021 18:08:50 GMT" skipped="0">
  <testcase classname="test.Test_MisDocumentos" name="Script_1071" time="48.026"/>
</testsuite> <!-- test.Test_MisDocumentos -->
