<?xml version="1.0" encoding="UTF-8"?>
<!-- Generated by org.testng.reporters.JUnitReportReporter -->
<testsuite hostname="VERITY-98" failures="0" tests="1" name="test.Tests_AdmInstituciones" time="59.914" errors="0" timestamp="15 abr. 2021 18:58:58 GMT" skipped="0">
  <testcase classname="test.Tests_AdmInstituciones" name="Script_0201" time="59.914"/>
</testsuite> <!-- test.Tests_AdmInstituciones -->
