<?xml version="1.0" encoding="UTF-8"?>
<!-- Generated by org.testng.reporters.JUnitReportReporter -->
<testsuite hostname="VERITY-98" failures="0" tests="1" name="test.Prueba" time="9.309" errors="0" timestamp="10 mar. 2021 17:15:37 GMT" skipped="0">
  <testcase classname="test.Prueba" name="Script_Prueba" time="9.309"/>
</testsuite> <!-- test.Prueba -->
