<?xml version="1.0" encoding="UTF-8"?>
<!-- Generated by org.testng.reporters.JUnitReportReporter -->
<testsuite skipped="0" hostname="DESKTOP-LI3EA6Q" name="test.Test_MiPortal2" tests="1" failures="0" timestamp="02 jun 2021 00:10:57 GMT" time="84.187" errors="0">
  <testcase name="Script_0885" time="84.187" classname="test.Test_MiPortal2"/>
</testsuite> <!-- test.Test_MiPortal2 -->
