<?xml version="1.0" encoding="UTF-8"?>
<!-- Generated by org.testng.reporters.JUnitReportReporter -->
<testsuite hostname="VERITY-98" failures="0" tests="1" name="test.Tests_MiPortal" time="106.299" errors="0" timestamp="11 may. 2021 15:50:48 GMT" skipped="0">
  <testcase classname="test.Tests_MiPortal" name="Script_0799" time="106.299"/>
</testsuite> <!-- test.Tests_MiPortal -->
