<?xml version="1.0" encoding="UTF-8"?>
<!-- Generated by org.testng.reporters.JUnitReportReporter -->
<testsuite hostname="VERITY-98" failures="0" tests="1" name="test.Tests_IngresoUsuario" time="42.520" errors="0" timestamp="08 mar. 2021 19:22:03 GMT" skipped="0">
  <testcase classname="test.Tests_IngresoUsuario" name="Script_0032" time="42.520"/>
</testsuite> <!-- test.Tests_IngresoUsuario -->
