<?xml version="1.0" encoding="UTF-8"?>
<!-- Generated by org.testng.reporters.JUnitReportReporter -->
<testsuite hostname="LauraAndrade" failures="0" tests="1" name="test.Test_TiposDocumentos" time="57.385" errors="0" timestamp="03 jun. 2021 20:09:14 GMT" skipped="0">
  <testcase classname="test.Test_TiposDocumentos" name="Script_244" time="57.385"/>
</testsuite> <!-- test.Test_TiposDocumentos -->
