<?xml version="1.0" encoding="UTF-8"?>
<!-- Generated by org.testng.reporters.JUnitReportReporter -->
<testsuite hostname="VERITY-98" failures="0" tests="1" name="test.Tests_Usuarios" time="64.317" errors="0" timestamp="15 abr. 2021 21:48:51 GMT" skipped="0">
  <testcase classname="test.Tests_Usuarios" name="Script_0210" time="64.317"/>
</testsuite> <!-- test.Tests_Usuarios -->
