<?xml version="1.0" encoding="UTF-8"?>
<!-- Generated by org.testng.reporters.JUnitReportReporter -->
<testsuite hostname="VERITY-98" failures="0" tests="6" name="test.Tests_RegistroUsuario_DatosPersonales" time="124.405" errors="0" timestamp="24 feb. 2021 17:19:36 GMT" skipped="0">
  <testcase classname="test.Tests_RegistroUsuario_DatosPersonales" name="Script_0006" time="14.127"/>
  <testcase classname="test.Tests_RegistroUsuario_DatosPersonales" name="Script_0005" time="23.968"/>
  <testcase classname="test.Tests_RegistroUsuario_DatosPersonales" name="Script_0009" time="17.881"/>
  <testcase classname="test.Tests_RegistroUsuario_DatosPersonales" name="Script_0008" time="24.354"/>
  <testcase classname="test.Tests_RegistroUsuario_DatosPersonales" name="Script_0007" time="22.586"/>
  <testcase classname="test.Tests_RegistroUsuario_DatosPersonales" name="Script_0004" time="21.489"/>
</testsuite> <!-- test.Tests_RegistroUsuario_DatosPersonales -->
