<?xml version="1.0" encoding="UTF-8"?>
<!-- Generated by org.testng.reporters.JUnitReportReporter -->
<testsuite hostname="LauraAndrade" failures="0" tests="1" name="test.Test_DescargaPlantilla" time="83.370" errors="0" timestamp="01 jun. 2021 15:54:30 GMT" skipped="0">
  <testcase classname="test.Test_DescargaPlantilla" name="Script_1181" time="83.370"/>
</testsuite> <!-- test.Test_DescargaPlantilla -->
