<?xml version="1.0" encoding="UTF-8"?>
<!-- Generated by org.testng.reporters.JUnitReportReporter -->
<testsuite hostname="LauraAndrade" failures="0" tests="1" name="test.Test_DescargaPlantilla" time="78.729" errors="0" timestamp="04 ago. 2021 19:48:32 GMT" skipped="0">
  <testcase classname="test.Test_DescargaPlantilla" name="Script_1181" time="78.729"/>
</testsuite> <!-- test.Test_DescargaPlantilla -->
