<?xml version="1.0" encoding="UTF-8"?>
<!-- Generated by org.testng.reporters.JUnitReportReporter -->
<testsuite hostname="VERITY-98" failures="0" tests="1" name="test.Tests_MiPortal" time="76.087" errors="0" timestamp="07 may. 2021 15:58:06 GMT" skipped="0">
  <testcase classname="test.Tests_MiPortal" name="Script_0767" time="76.087"/>
</testsuite> <!-- test.Tests_MiPortal -->
