<?xml version="1.0" encoding="UTF-8"?>
<!-- Generated by org.testng.reporters.JUnitReportReporter -->
<testsuite hostname="LauraAndrade" failures="0" tests="1" name="test.Test_MisDocumentos" time="88.871" errors="0" timestamp="07 may. 2021 19:50:45 GMT" skipped="0">
  <testcase classname="test.Test_MisDocumentos" name="Script_1099" time="88.871"/>
</testsuite> <!-- test.Test_MisDocumentos -->
