<?xml version="1.0" encoding="UTF-8"?>
<!-- Generated by org.testng.reporters.JUnitReportReporter -->
<testsuite hostname="LauraAndrade" failures="0" tests="1" name="test.Test_DescargaPlantilla" time="50.983" errors="0" timestamp="30 abr. 2021 15:28:33 GMT" skipped="0">
  <testcase classname="test.Test_DescargaPlantilla" name="Script_1181" time="50.983"/>
</testsuite> <!-- test.Test_DescargaPlantilla -->
