<?xml version="1.0" encoding="UTF-8"?>
<!-- Generated by org.testng.reporters.JUnitReportReporter -->
<<<<<<< HEAD
<testsuite skipped="0" hostname="DESKTOP-LI3EA6Q" name="test.Test_MisDocumentos" tests="1" failures="0" timestamp="01 jun 2021 16:43:09 GMT" time="80.977" errors="0">
  <testcase name="Script_1139" time="80.977" classname="test.Test_MisDocumentos"/>
=======
<testsuite hostname="LauraAndrade" failures="0" tests="1" name="test.Test_MisDocumentos" time="117.653" errors="0" timestamp="01 jun. 2021 21:04:21 GMT" skipped="0">
  <testcase classname="test.Test_MisDocumentos" name="Script_1150" time="117.653"/>
>>>>>>> f4e451a34375cecbb93a864ebf5e892b0add91b4
</testsuite> <!-- test.Test_MisDocumentos -->
