<?xml version="1.0" encoding="UTF-8"?>
<!-- Generated by org.testng.reporters.JUnitReportReporter -->
<testsuite hostname="VERITY-98" failures="0" tests="1" name="test.Tests_Manuales" time="40.267" errors="0" timestamp="01 abr. 2021 18:30:51 GMT" skipped="0">
  <testcase classname="test.Tests_Manuales" name="Script_0064" time="40.267"/>
</testsuite> <!-- test.Tests_Manuales -->
