<?xml version="1.0" encoding="UTF-8"?>
<!-- Generated by org.testng.reporters.JUnitReportReporter -->
<testsuite hostname="LauraAndrade" failures="0" tests="1" name="test.Test_DescargaPlantilla" time="70.181" errors="0" timestamp="31 may. 2021 21:48:59 GMT" skipped="0">
  <testcase classname="test.Test_DescargaPlantilla" name="Script_1181" time="70.181"/>
</testsuite> <!-- test.Test_DescargaPlantilla -->
