<?xml version="1.0" encoding="UTF-8"?>
<!-- Generated by org.testng.reporters.JUnitReportReporter -->
<testsuite hostname="LauraAndrade" failures="0" tests="1" name="test.Test_MisDocumentos" time="95.111" errors="0" timestamp="31 may. 2021 21:43:53 GMT" skipped="0">
  <testcase classname="test.Test_MisDocumentos" name="Script_1139" time="95.111"/>
</testsuite> <!-- test.Test_MisDocumentos -->
