<?xml version="1.0" encoding="UTF-8"?>
<!-- Generated by org.testng.reporters.JUnitReportReporter -->
<testsuite skipped="0" hostname="DESKTOP-LI3EA6Q" name="test.Test_MiPortal2" tests="1" failures="0" timestamp="04 jun 2021 15:16:22 GMT" time="70.663" errors="0">
  <testcase name="Script_0918" time="70.663" classname="test.Test_MiPortal2"/>
</testsuite> <!-- test.Test_MiPortal2 -->
