<?xml version="1.0" encoding="UTF-8"?>
<!-- Generated by org.testng.reporters.JUnitReportReporter -->
<testsuite hostname="LauraAndrade" failures="0" tests="1" name="test.Test_CrearDocumento" time="104.729" errors="0" timestamp="03 may. 2021 16:39:44 GMT" skipped="0">
  <testcase classname="test.Test_CrearDocumento" name="Script_1213" time="104.729"/>
</testsuite> <!-- test.Test_CrearDocumento -->
