<?xml version="1.0" encoding="UTF-8"?>
<!-- Generated by org.testng.reporters.JUnitReportReporter -->
<testsuite hostname="LauraAndrade" failures="0" tests="1" name="test.Test_CrearDocumento" time="95.604" errors="0" timestamp="15 jul. 2021 16:41:07 GMT" skipped="0">
  <testcase classname="test.Test_CrearDocumento" name="Script_1176" time="95.604"/>
</testsuite> <!-- test.Test_CrearDocumento -->
